```sql
conn sys/oracle as sysdba;
set autotrace on;
```
```sql
select * from scott.emp where sal > 2000;
```

```sql
执行计划
----------------------------------------------------------
Plan hash value: 3956160932

--------------------------------------------------------------------------
| Id  | Operation         | Name | Rows  | Bytes | Cost (%CPU)| Time     |
--------------------------------------------------------------------------
|   0 | SELECT STATEMENT  |      |    10 |   380 |     3   (0)| 00:00:01 |
|*  1 |  TABLE ACCESS FULL| EMP  |    10 |   380 |     3   (0)| 00:00:01 |
--------------------------------------------------------------------------

Predicate Information (identified by operation id):
---------------------------------------------------

   1 - filter("SAL">2000)


统计信息
----------------------------------------------------------
          1  recursive calls
          0  db block gets
          8  consistent gets
          0  physical reads
          0  redo size
       1264  bytes sent via SQL*Net to client
        520  bytes received via SQL*Net from client
          2  SQL*Net roundtrips to/from client
          0  sorts (memory)
          0  sorts (disk)
          6  rows processed
```



 TABLE ACCESS FULL 全表扫描模式, 它在进行过滤时, 会将条件与数据表中的每一行记录进行比较.



首先可以想到的方式是进行排序, 但是order by语句是最后进行的, 不会影响where的条件查询, 所以我们需要别的方式来进行排序. 树的方式, 就是这样的说.

树的排序方式



``` sql
create index emp_sal_ind on scott.emp(sal);
```



```sql
select * from scott.emp where sal > 2000;
```





```sql
TABLE ACCESS BY INDEX ROWID
INDEX RANGE SCAN
```

